<?xml version="1.0" encoding="UTF-8"?>
<testsuite name="com.paveltinnik.recipes.RecipesApplicationTests" tests="1" skipped="0" failures="1" errors="0" timestamp="2021-06-11T09:56:03" hostname="ABAKAN" time="6.227">
  <properties/>
  <testcase name="start" classname="com.paveltinnik.recipes.RecipesApplicationTests" time="6.227">
    <failure message="java.lang.AssertionError: Wrong answer in test #1&#10;&#10;POST /api/register should respond with status code 200, responded: 400&#10;&#10;Response body:&#10;{&quot;timestamp&quot;:&quot;2021-06-11T09:56:09.474+00:00&quot;,&quot;status&quot;:400,&quot;error&quot;:&quot;Bad Request&quot;,&quot;message&quot;:&quot;&quot;,&quot;path&quot;:&quot;/api/register&quot;}&#10;&#10;Please find below the output of your program during this failed test.&#10;&#10;---&#10;&#10;&#10;  .   ____          _            __ _ _&#10; /\\ / ___'_ __ _ _(_)_ __  __ _ \ \ \ \&#10;( ( )\___ | '_ | '_| | '_ \/ _` | \ \ \ \&#10; \\/  ___)| |_)| | | | | || (_| |  ) ) ) )&#10;  '  |____| .__|_| |_|_| |_\__, | / / / /&#10; =========|_|==============|___/=/_/_/_/&#10; :: Spring Boot ::        (v2.3.1.RELEASE)&#10;&#10;2021-06-11 16:56:03.963  INFO 16804 --- [    Test worker] c.p.recipes.RecipesApplication           : Starting RecipesApplication on Abakan with PID 16804 (started by t2803 in C:\Users\t2803\IdeaProjects\spring-recipes)&#10;2021-06-11 16:56:03.967  INFO 16804 --- [    Test worker] c.p.recipes.RecipesApplication           : No active profile set, falling back to default profiles: default&#10;2021-06-11 16:56:05.123  INFO 16804 --- [    Test worker] .s.d.r.c.RepositoryConfigurationDelegate : Bootstrapping Spring Data JPA repositories in DEFERRED mode.&#10;2021-06-11 16:56:05.205  INFO 16804 --- [    Test worker] .s.d.r.c.RepositoryConfigurationDelegate : Finished Spring Data repository scanning in 73ms. Found 2 JPA repository interfaces.&#10;2021-06-11 16:56:05.641  INFO 16804 --- [    Test worker] trationDelegate$BeanPostProcessorChecker : Bean 'org.springframework.security.access.expression.method.DefaultMethodSecurityExpressionHandler@2e0bac64' of type [org.springframework.security.access.expression.method.DefaultMethodSecurityExpressionHandler] is not eligible for getting processed by all BeanPostProcessors (for example: not eligible for auto-proxying)&#10;2021-06-11 16:56:05.647  INFO 16804 --- [    Test worker] trationDelegate$BeanPostProcessorChecker : Bean 'methodSecurityMetadataSource' of type [org.springframework.security.access.method.DelegatingMethodSecurityMetadataSource] is not eligible for getting processed by all BeanPostProcessors (for example: not eligible for auto-proxying)&#10;2021-06-11 16:56:05.930  INFO 16804 --- [    Test worker] o.s.b.w.embedded.tomcat.TomcatWebServer  : Tomcat initialized with port(s): 8889 (http)&#10;2021-06-11 16:56:05.943  INFO 16804 --- [    Test worker] o.apache.catalina.core.StandardService   : Starting service [Tomcat]&#10;2021-06-11 16:56:05.944  INFO 16804 --- [    Test worker] org.apache.catalina.core.StandardEngine  : Starting Servlet engine: [Apache Tomcat/9.0.36]&#10;2021-06-11 16:56:06.103  INFO 16804 --- [    Test worker] o.a.c.c.C.[Tomcat].[localhost].[/]       : Initializing Spring embedded WebApplicationContext&#10;2021-06-11 16:56:06.103  INFO 16804 --- [    Test worker] w.s.c.ServletWebServerApplicationContext : Root WebApplicationContext: initialization completed in 2081 ms&#10;2021-06-11 16:56:06.268  INFO 16804 --- [    Test worker] com.zaxxer.hikari.HikariDataSource       : HikariPool-1 - Starting...&#10;2021-06-11 16:56:06.514  INFO 16804 --- [    Test worker] com.zaxxer.hikari.HikariDataSource       : HikariPool-1 - Start completed.&#10;2021-06-11 16:56:06.524  INFO 16804 --- [    Test worker] o.s.b.a.h2.H2ConsoleAutoConfiguration    : H2 console available at '/h2-console'. Database available at 'jdbc:h2:file:~/recipes_db'&#10;2021-06-11 16:56:06.712  INFO 16804 --- [    Test worker] o.s.s.concurrent.ThreadPoolTaskExecutor  : Initializing ExecutorService 'applicationTaskExecutor'&#10;2021-06-11 16:56:06.766  INFO 16804 --- [         task-1] o.hibernate.jpa.internal.util.LogHelper  : HHH000204: Processing PersistenceUnitInfo [name: default]&#10;2021-06-11 16:56:06.803  WARN 16804 --- [    Test worker] JpaBaseConfiguration$JpaWebConfiguration : spring.jpa.open-in-view is enabled by default. Therefore, database queries may be performed during view rendering. Explicitly configure spring.jpa.open-in-view to disable this warning&#10;2021-06-11 16:56:06.839  INFO 16804 --- [         task-1] org.hibernate.Version                    : HHH000412: Hibernate ORM core version 5.4.17.Final&#10;2021-06-11 16:56:07.033  INFO 16804 --- [         task-1] o.hibernate.annotations.common.Version   : HCANN000001: Hibernate Commons Annotations {5.1.0.Final}&#10;2021-06-11 16:56:07.094  INFO 16804 --- [    Test worker] o.s.s.web.DefaultSecurityFilterChain     : Creating filter chain: any request, [org.springframework.security.web.context.request.async.WebAsyncManagerIntegrationFilter@19ac2a92, org.springframework.security.web.context.SecurityContextPersistenceFilter@56cb7e23, org.springframework.security.web.header.HeaderWriterFilter@50a2fdbb, org.springframework.security.web.authentication.logout.LogoutFilter@4a15269e, org.springframework.security.web.authentication.www.BasicAuthenticationFilter@5e5b8786, org.springframework.security.web.savedrequest.RequestCacheAwareFilter@2521a2ea, org.springframework.security.web.servletapi.SecurityContextHolderAwareRequestFilter@34cd5d7, org.springframework.security.web.authentication.AnonymousAuthenticationFilter@78a65a61, org.springframework.security.web.session.SessionManagementFilter@439be62e, org.springframework.security.web.access.ExceptionTranslationFilter@19cdc079, org.springframework.security.web.access.intercept.FilterSecurityInterceptor@6411542c]&#10;2021-06-11 16:56:07.192  INFO 16804 --- [         task-1] org.hibernate.dialect.Dialect            : HHH000400: Using dialect: org.hibernate.dialect.H2Dialect&#10;2021-06-11 16:56:08.218  INFO 16804 --- [         task-1] o.h.e.t.j.p.i.JtaPlatformInitiator       : HHH000490: Using JtaPlatform implementation: [org.hibernate.engine.transaction.jta.platform.internal.NoJtaPlatform]&#10;2021-06-11 16:56:08.227  INFO 16804 --- [         task-1] j.LocalContainerEntityManagerFactoryBean : Initialized JPA EntityManagerFactory for persistence unit 'default'&#10;2021-06-11 16:56:08.293  INFO 16804 --- [    Test worker] o.s.b.a.e.web.EndpointLinksResolver      : Exposing 14 endpoint(s) beneath base path '/actuator'&#10;2021-06-11 16:56:08.360  INFO 16804 --- [    Test worker] o.s.b.w.embedded.tomcat.TomcatWebServer  : Tomcat started on port(s): 8889 (http) with context path ''&#10;2021-06-11 16:56:08.361  INFO 16804 --- [    Test worker] DeferredRepositoryInitializationListener : Triggering deferred initialization of Spring Data repositories…&#10;2021-06-11 16:56:08.717  INFO 16804 --- [    Test worker] DeferredRepositoryInitializationListener : Spring Data repositories initialized!&#10;2021-06-11 16:56:08.732  INFO 16804 --- [    Test worker] c.p.recipes.RecipesApplication           : Started RecipesApplication in 5.151 seconds (JVM running for 6.122)&#10;2021-06-11 16:56:09.114  INFO 16804 --- [nio-8889-exec-1] o.a.c.c.C.[Tomcat].[localhost].[/]       : Initializing Spring DispatcherServlet 'dispatcherServlet'&#10;2021-06-11 16:56:09.114  INFO 16804 --- [nio-8889-exec-1] o.s.web.servlet.DispatcherServlet        : Initializing Servlet 'dispatcherServlet'&#10;2021-06-11 16:56:09.123  INFO 16804 --- [nio-8889-exec-1] o.s.web.servlet.DispatcherServlet        : Completed initialization in 9 ms&#10;Hibernate: select myuser0_.user_id as user_id1_0_, myuser0_.email as email2_0_, myuser0_.password as password3_0_, myuser0_.role as role4_0_ from my_user myuser0_ where myuser0_.email=?" type="java.lang.AssertionError">java.lang.AssertionError: Wrong answer in test #1

POST /api/register should respond with status code 200, responded: 400

Response body:
{&quot;timestamp&quot;:&quot;2021-06-11T09:56:09.474+00:00&quot;,&quot;status&quot;:400,&quot;error&quot;:&quot;Bad Request&quot;,&quot;message&quot;:&quot;&quot;,&quot;path&quot;:&quot;/api/register&quot;}

Please find below the output of your program during this failed test.

---


  .   ____          _            __ _ _
 /\\ / ___'_ __ _ _(_)_ __  __ _ \ \ \ \
( ( )\___ | '_ | '_| | '_ \/ _` | \ \ \ \
 \\/  ___)| |_)| | | | | || (_| |  ) ) ) )
  '  |____| .__|_| |_|_| |_\__, | / / / /
 =========|_|==============|___/=/_/_/_/
 :: Spring Boot ::        (v2.3.1.RELEASE)

2021-06-11 16:56:03.963  INFO 16804 --- [    Test worker] c.p.recipes.RecipesApplication           : Starting RecipesApplication on Abakan with PID 16804 (started by t2803 in C:\Users\t2803\IdeaProjects\spring-recipes)
2021-06-11 16:56:03.967  INFO 16804 --- [    Test worker] c.p.recipes.RecipesApplication           : No active profile set, falling back to default profiles: default
2021-06-11 16:56:05.123  INFO 16804 --- [    Test worker] .s.d.r.c.RepositoryConfigurationDelegate : Bootstrapping Spring Data JPA repositories in DEFERRED mode.
2021-06-11 16:56:05.205  INFO 16804 --- [    Test worker] .s.d.r.c.RepositoryConfigurationDelegate : Finished Spring Data repository scanning in 73ms. Found 2 JPA repository interfaces.
2021-06-11 16:56:05.641  INFO 16804 --- [    Test worker] trationDelegate$BeanPostProcessorChecker : Bean 'org.springframework.security.access.expression.method.DefaultMethodSecurityExpressionHandler@2e0bac64' of type [org.springframework.security.access.expression.method.DefaultMethodSecurityExpressionHandler] is not eligible for getting processed by all BeanPostProcessors (for example: not eligible for auto-proxying)
2021-06-11 16:56:05.647  INFO 16804 --- [    Test worker] trationDelegate$BeanPostProcessorChecker : Bean 'methodSecurityMetadataSource' of type [org.springframework.security.access.method.DelegatingMethodSecurityMetadataSource] is not eligible for getting processed by all BeanPostProcessors (for example: not eligible for auto-proxying)
2021-06-11 16:56:05.930  INFO 16804 --- [    Test worker] o.s.b.w.embedded.tomcat.TomcatWebServer  : Tomcat initialized with port(s): 8889 (http)
2021-06-11 16:56:05.943  INFO 16804 --- [    Test worker] o.apache.catalina.core.StandardService   : Starting service [Tomcat]
2021-06-11 16:56:05.944  INFO 16804 --- [    Test worker] org.apache.catalina.core.StandardEngine  : Starting Servlet engine: [Apache Tomcat/9.0.36]
2021-06-11 16:56:06.103  INFO 16804 --- [    Test worker] o.a.c.c.C.[Tomcat].[localhost].[/]       : Initializing Spring embedded WebApplicationContext
2021-06-11 16:56:06.103  INFO 16804 --- [    Test worker] w.s.c.ServletWebServerApplicationContext : Root WebApplicationContext: initialization completed in 2081 ms
2021-06-11 16:56:06.268  INFO 16804 --- [    Test worker] com.zaxxer.hikari.HikariDataSource       : HikariPool-1 - Starting...
2021-06-11 16:56:06.514  INFO 16804 --- [    Test worker] com.zaxxer.hikari.HikariDataSource       : HikariPool-1 - Start completed.
2021-06-11 16:56:06.524  INFO 16804 --- [    Test worker] o.s.b.a.h2.H2ConsoleAutoConfiguration    : H2 console available at '/h2-console'. Database available at 'jdbc:h2:file:~/recipes_db'
2021-06-11 16:56:06.712  INFO 16804 --- [    Test worker] o.s.s.concurrent.ThreadPoolTaskExecutor  : Initializing ExecutorService 'applicationTaskExecutor'
2021-06-11 16:56:06.766  INFO 16804 --- [         task-1] o.hibernate.jpa.internal.util.LogHelper  : HHH000204: Processing PersistenceUnitInfo [name: default]
2021-06-11 16:56:06.803  WARN 16804 --- [    Test worker] JpaBaseConfiguration$JpaWebConfiguration : spring.jpa.open-in-view is enabled by default. Therefore, database queries may be performed during view rendering. Explicitly configure spring.jpa.open-in-view to disable this warning
2021-06-11 16:56:06.839  INFO 16804 --- [         task-1] org.hibernate.Version                    : HHH000412: Hibernate ORM core version 5.4.17.Final
2021-06-11 16:56:07.033  INFO 16804 --- [         task-1] o.hibernate.annotations.common.Version   : HCANN000001: Hibernate Commons Annotations {5.1.0.Final}
2021-06-11 16:56:07.094  INFO 16804 --- [    Test worker] o.s.s.web.DefaultSecurityFilterChain     : Creating filter chain: any request, [org.springframework.security.web.context.request.async.WebAsyncManagerIntegrationFilter@19ac2a92, org.springframework.security.web.context.SecurityContextPersistenceFilter@56cb7e23, org.springframework.security.web.header.HeaderWriterFilter@50a2fdbb, org.springframework.security.web.authentication.logout.LogoutFilter@4a15269e, org.springframework.security.web.authentication.www.BasicAuthenticationFilter@5e5b8786, org.springframework.security.web.savedrequest.RequestCacheAwareFilter@2521a2ea, org.springframework.security.web.servletapi.SecurityContextHolderAwareRequestFilter@34cd5d7, org.springframework.security.web.authentication.AnonymousAuthenticationFilter@78a65a61, org.springframework.security.web.session.SessionManagementFilter@439be62e, org.springframework.security.web.access.ExceptionTranslationFilter@19cdc079, org.springframework.security.web.access.intercept.FilterSecurityInterceptor@6411542c]
2021-06-11 16:56:07.192  INFO 16804 --- [         task-1] org.hibernate.dialect.Dialect            : HHH000400: Using dialect: org.hibernate.dialect.H2Dialect
2021-06-11 16:56:08.218  INFO 16804 --- [         task-1] o.h.e.t.j.p.i.JtaPlatformInitiator       : HHH000490: Using JtaPlatform implementation: [org.hibernate.engine.transaction.jta.platform.internal.NoJtaPlatform]
2021-06-11 16:56:08.227  INFO 16804 --- [         task-1] j.LocalContainerEntityManagerFactoryBean : Initialized JPA EntityManagerFactory for persistence unit 'default'
2021-06-11 16:56:08.293  INFO 16804 --- [    Test worker] o.s.b.a.e.web.EndpointLinksResolver      : Exposing 14 endpoint(s) beneath base path '/actuator'
2021-06-11 16:56:08.360  INFO 16804 --- [    Test worker] o.s.b.w.embedded.tomcat.TomcatWebServer  : Tomcat started on port(s): 8889 (http) with context path ''
2021-06-11 16:56:08.361  INFO 16804 --- [    Test worker] DeferredRepositoryInitializationListener : Triggering deferred initialization of Spring Data repositories…
2021-06-11 16:56:08.717  INFO 16804 --- [    Test worker] DeferredRepositoryInitializationListener : Spring Data repositories initialized!
2021-06-11 16:56:08.732  INFO 16804 --- [    Test worker] c.p.recipes.RecipesApplication           : Started RecipesApplication in 5.151 seconds (JVM running for 6.122)
2021-06-11 16:56:09.114  INFO 16804 --- [nio-8889-exec-1] o.a.c.c.C.[Tomcat].[localhost].[/]       : Initializing Spring DispatcherServlet 'dispatcherServlet'
2021-06-11 16:56:09.114  INFO 16804 --- [nio-8889-exec-1] o.s.web.servlet.DispatcherServlet        : Initializing Servlet 'dispatcherServlet'
2021-06-11 16:56:09.123  INFO 16804 --- [nio-8889-exec-1] o.s.web.servlet.DispatcherServlet        : Completed initialization in 9 ms
Hibernate: select myuser0_.user_id as user_id1_0_, myuser0_.email as email2_0_, myuser0_.password as password3_0_, myuser0_.role as role4_0_ from my_user myuser0_ where myuser0_.email=?
	at org.junit.Assert.fail(Assert.java:89)
	at org.hyperskill.hstest.stage.StageTest.start(StageTest.java:141)
	at java.base/jdk.internal.reflect.NativeMethodAccessorImpl.invoke0(Native Method)
	at java.base/jdk.internal.reflect.NativeMethodAccessorImpl.invoke(NativeMethodAccessorImpl.java:62)
	at java.base/jdk.internal.reflect.DelegatingMethodAccessorImpl.invoke(DelegatingMethodAccessorImpl.java:43)
	at java.base/java.lang.reflect.Method.invoke(Method.java:566)
	at org.junit.runners.model.FrameworkMethod$1.runReflectiveCall(FrameworkMethod.java:59)
	at org.junit.internal.runners.model.ReflectiveCallable.run(ReflectiveCallable.java:12)
	at org.junit.runners.model.FrameworkMethod.invokeExplosively(FrameworkMethod.java:56)
	at org.junit.internal.runners.statements.InvokeMethod.evaluate(InvokeMethod.java:17)
	at org.junit.internal.runners.statements.RunAfters.evaluate(RunAfters.java:27)
	at org.junit.runners.ParentRunner$3.evaluate(ParentRunner.java:306)
	at org.junit.runners.BlockJUnit4ClassRunner$1.evaluate(BlockJUnit4ClassRunner.java:100)
	at org.junit.runners.ParentRunner.runLeaf(ParentRunner.java:366)
	at org.junit.runners.BlockJUnit4ClassRunner.runChild(BlockJUnit4ClassRunner.java:103)
	at org.junit.runners.BlockJUnit4ClassRunner.runChild(BlockJUnit4ClassRunner.java:63)
	at org.junit.runners.ParentRunner$4.run(ParentRunner.java:331)
	at org.junit.runners.ParentRunner$1.schedule(ParentRunner.java:79)
	at org.junit.runners.ParentRunner.runChildren(ParentRunner.java:329)
	at org.junit.runners.ParentRunner.access$100(ParentRunner.java:66)
	at org.junit.runners.ParentRunner$2.evaluate(ParentRunner.java:293)
	at org.junit.runners.ParentRunner$3.evaluate(ParentRunner.java:306)
	at org.junit.runners.ParentRunner.run(ParentRunner.java:413)
	at org.gradle.api.internal.tasks.testing.junit.JUnitTestClassExecutor.runTestClass(JUnitTestClassExecutor.java:110)
	at org.gradle.api.internal.tasks.testing.junit.JUnitTestClassExecutor.execute(JUnitTestClassExecutor.java:58)
	at org.gradle.api.internal.tasks.testing.junit.JUnitTestClassExecutor.execute(JUnitTestClassExecutor.java:38)
	at org.gradle.api.internal.tasks.testing.junit.AbstractJUnitTestClassProcessor.processTestClass(AbstractJUnitTestClassProcessor.java:62)
	at org.gradle.api.internal.tasks.testing.SuiteTestClassProcessor.processTestClass(SuiteTestClassProcessor.java:51)
	at java.base/jdk.internal.reflect.NativeMethodAccessorImpl.invoke0(Native Method)
	at java.base/jdk.internal.reflect.NativeMethodAccessorImpl.invoke(NativeMethodAccessorImpl.java:62)
	at java.base/jdk.internal.reflect.DelegatingMethodAccessorImpl.invoke(DelegatingMethodAccessorImpl.java:43)
	at java.base/java.lang.reflect.Method.invoke(Method.java:566)
	at org.gradle.internal.dispatch.ReflectionDispatch.dispatch(ReflectionDispatch.java:36)
	at org.gradle.internal.dispatch.ReflectionDispatch.dispatch(ReflectionDispatch.java:24)
	at org.gradle.internal.dispatch.ContextClassLoaderDispatch.dispatch(ContextClassLoaderDispatch.java:33)
	at org.gradle.internal.dispatch.ProxyDispatchAdapter$DispatchingInvocationHandler.invoke(ProxyDispatchAdapter.java:94)
	at com.sun.proxy.$Proxy2.processTestClass(Unknown Source)
	at org.gradle.api.internal.tasks.testing.worker.TestWorker.processTestClass(TestWorker.java:121)
	at java.base/jdk.internal.reflect.NativeMethodAccessorImpl.invoke0(Native Method)
	at java.base/jdk.internal.reflect.NativeMethodAccessorImpl.invoke(NativeMethodAccessorImpl.java:62)
	at java.base/jdk.internal.reflect.DelegatingMethodAccessorImpl.invoke(DelegatingMethodAccessorImpl.java:43)
	at java.base/java.lang.reflect.Method.invoke(Method.java:566)
	at org.gradle.internal.dispatch.ReflectionDispatch.dispatch(ReflectionDispatch.java:36)
	at org.gradle.internal.dispatch.ReflectionDispatch.dispatch(ReflectionDispatch.java:24)
	at org.gradle.internal.remote.internal.hub.MessageHubBackedObjectConnection$DispatchWrapper.dispatch(MessageHubBackedObjectConnection.java:182)
	at org.gradle.internal.remote.internal.hub.MessageHubBackedObjectConnection$DispatchWrapper.dispatch(MessageHubBackedObjectConnection.java:164)
	at org.gradle.internal.remote.internal.hub.MessageHub$Handler.run(MessageHub.java:414)
	at org.gradle.internal.concurrent.ExecutorPolicy$CatchAndRecordFailures.onExecute(ExecutorPolicy.java:64)
	at org.gradle.internal.concurrent.ManagedExecutorImpl$1.run(ManagedExecutorImpl.java:48)
	at java.base/java.util.concurrent.ThreadPoolExecutor.runWorker(ThreadPoolExecutor.java:1128)
	at java.base/java.util.concurrent.ThreadPoolExecutor$Worker.run(ThreadPoolExecutor.java:628)
	at org.gradle.internal.concurrent.ThreadFactoryImpl$ManagedThreadRunnable.run(ThreadFactoryImpl.java:56)
	at java.base/java.lang.Thread.run(Thread.java:834)
</failure>
  </testcase>
  <system-out><![CDATA[?[1;31m
Start test 1?[0m

  .   ____          _            __ _ _
 /\\ / ___'_ __ _ _(_)_ __  __ _ \ \ \ \
( ( )\___ | '_ | '_| | '_ \/ _` | \ \ \ \
 \\/  ___)| |_)| | | | | || (_| |  ) ) ) )
  '  |____| .__|_| |_|_| |_\__, | / / / /
 =========|_|==============|___/=/_/_/_/
 :: Spring Boot ::        (v2.3.1.RELEASE)

2021-06-11 16:56:03.963  INFO 16804 --- [    Test worker] c.p.recipes.RecipesApplication           : Starting RecipesApplication on Abakan with PID 16804 (started by t2803 in C:\Users\t2803\IdeaProjects\spring-recipes)
2021-06-11 16:56:03.967  INFO 16804 --- [    Test worker] c.p.recipes.RecipesApplication           : No active profile set, falling back to default profiles: default
2021-06-11 16:56:05.123  INFO 16804 --- [    Test worker] .s.d.r.c.RepositoryConfigurationDelegate : Bootstrapping Spring Data JPA repositories in DEFERRED mode.
2021-06-11 16:56:05.205  INFO 16804 --- [    Test worker] .s.d.r.c.RepositoryConfigurationDelegate : Finished Spring Data repository scanning in 73ms. Found 2 JPA repository interfaces.
2021-06-11 16:56:05.641  INFO 16804 --- [    Test worker] trationDelegate$BeanPostProcessorChecker : Bean 'org.springframework.security.access.expression.method.DefaultMethodSecurityExpressionHandler@2e0bac64' of type [org.springframework.security.access.expression.method.DefaultMethodSecurityExpressionHandler] is not eligible for getting processed by all BeanPostProcessors (for example: not eligible for auto-proxying)
2021-06-11 16:56:05.647  INFO 16804 --- [    Test worker] trationDelegate$BeanPostProcessorChecker : Bean 'methodSecurityMetadataSource' of type [org.springframework.security.access.method.DelegatingMethodSecurityMetadataSource] is not eligible for getting processed by all BeanPostProcessors (for example: not eligible for auto-proxying)
2021-06-11 16:56:05.930  INFO 16804 --- [    Test worker] o.s.b.w.embedded.tomcat.TomcatWebServer  : Tomcat initialized with port(s): 8889 (http)
2021-06-11 16:56:05.943  INFO 16804 --- [    Test worker] o.apache.catalina.core.StandardService   : Starting service [Tomcat]
2021-06-11 16:56:05.944  INFO 16804 --- [    Test worker] org.apache.catalina.core.StandardEngine  : Starting Servlet engine: [Apache Tomcat/9.0.36]
2021-06-11 16:56:06.103  INFO 16804 --- [    Test worker] o.a.c.c.C.[Tomcat].[localhost].[/]       : Initializing Spring embedded WebApplicationContext
2021-06-11 16:56:06.103  INFO 16804 --- [    Test worker] w.s.c.ServletWebServerApplicationContext : Root WebApplicationContext: initialization completed in 2081 ms
2021-06-11 16:56:06.268  INFO 16804 --- [    Test worker] com.zaxxer.hikari.HikariDataSource       : HikariPool-1 - Starting...
2021-06-11 16:56:06.514  INFO 16804 --- [    Test worker] com.zaxxer.hikari.HikariDataSource       : HikariPool-1 - Start completed.
2021-06-11 16:56:06.524  INFO 16804 --- [    Test worker] o.s.b.a.h2.H2ConsoleAutoConfiguration    : H2 console available at '/h2-console'. Database available at 'jdbc:h2:file:~/recipes_db'
2021-06-11 16:56:06.712  INFO 16804 --- [    Test worker] o.s.s.concurrent.ThreadPoolTaskExecutor  : Initializing ExecutorService 'applicationTaskExecutor'
2021-06-11 16:56:06.766  INFO 16804 --- [         task-1] o.hibernate.jpa.internal.util.LogHelper  : HHH000204: Processing PersistenceUnitInfo [name: default]
2021-06-11 16:56:06.803  WARN 16804 --- [    Test worker] JpaBaseConfiguration$JpaWebConfiguration : spring.jpa.open-in-view is enabled by default. Therefore, database queries may be performed during view rendering. Explicitly configure spring.jpa.open-in-view to disable this warning
2021-06-11 16:56:06.839  INFO 16804 --- [         task-1] org.hibernate.Version                    : HHH000412: Hibernate ORM core version 5.4.17.Final
2021-06-11 16:56:07.033  INFO 16804 --- [         task-1] o.hibernate.annotations.common.Version   : HCANN000001: Hibernate Commons Annotations {5.1.0.Final}
2021-06-11 16:56:07.094  INFO 16804 --- [    Test worker] o.s.s.web.DefaultSecurityFilterChain     : Creating filter chain: any request, [org.springframework.security.web.context.request.async.WebAsyncManagerIntegrationFilter@19ac2a92, org.springframework.security.web.context.SecurityContextPersistenceFilter@56cb7e23, org.springframework.security.web.header.HeaderWriterFilter@50a2fdbb, org.springframework.security.web.authentication.logout.LogoutFilter@4a15269e, org.springframework.security.web.authentication.www.BasicAuthenticationFilter@5e5b8786, org.springframework.security.web.savedrequest.RequestCacheAwareFilter@2521a2ea, org.springframework.security.web.servletapi.SecurityContextHolderAwareRequestFilter@34cd5d7, org.springframework.security.web.authentication.AnonymousAuthenticationFilter@78a65a61, org.springframework.security.web.session.SessionManagementFilter@439be62e, org.springframework.security.web.access.ExceptionTranslationFilter@19cdc079, org.springframework.security.web.access.intercept.FilterSecurityInterceptor@6411542c]
2021-06-11 16:56:07.192  INFO 16804 --- [         task-1] org.hibernate.dialect.Dialect            : HHH000400: Using dialect: org.hibernate.dialect.H2Dialect
2021-06-11 16:56:08.218  INFO 16804 --- [         task-1] o.h.e.t.j.p.i.JtaPlatformInitiator       : HHH000490: Using JtaPlatform implementation: [org.hibernate.engine.transaction.jta.platform.internal.NoJtaPlatform]
2021-06-11 16:56:08.227  INFO 16804 --- [         task-1] j.LocalContainerEntityManagerFactoryBean : Initialized JPA EntityManagerFactory for persistence unit 'default'
2021-06-11 16:56:08.293  INFO 16804 --- [    Test worker] o.s.b.a.e.web.EndpointLinksResolver      : Exposing 14 endpoint(s) beneath base path '/actuator'
2021-06-11 16:56:08.360  INFO 16804 --- [    Test worker] o.s.b.w.embedded.tomcat.TomcatWebServer  : Tomcat started on port(s): 8889 (http) with context path ''
2021-06-11 16:56:08.361  INFO 16804 --- [    Test worker] DeferredRepositoryInitializationListener : Triggering deferred initialization of Spring Data repositories…
2021-06-11 16:56:08.717  INFO 16804 --- [    Test worker] DeferredRepositoryInitializationListener : Spring Data repositories initialized!
2021-06-11 16:56:08.732  INFO 16804 --- [    Test worker] c.p.recipes.RecipesApplication           : Started RecipesApplication in 5.151 seconds (JVM running for 6.122)
2021-06-11 16:56:09.114  INFO 16804 --- [nio-8889-exec-1] o.a.c.c.C.[Tomcat].[localhost].[/]       : Initializing Spring DispatcherServlet 'dispatcherServlet'
2021-06-11 16:56:09.114  INFO 16804 --- [nio-8889-exec-1] o.s.web.servlet.DispatcherServlet        : Initializing Servlet 'dispatcherServlet'
2021-06-11 16:56:09.123  INFO 16804 --- [nio-8889-exec-1] o.s.web.servlet.DispatcherServlet        : Completed initialization in 9 ms
Hibernate: select myuser0_.user_id as user_id1_0_, myuser0_.email as email2_0_, myuser0_.password as password3_0_, myuser0_.role as role4_0_ from my_user myuser0_ where myuser0_.email=?
]]></system-out>
  <system-err><![CDATA[]]></system-err>
</testsuite>
